python-dotenv could not parse statement starting at line 4
2026-02-10 04:30:00.333 | INFO     | __main__:main:590 - Saved candles to data/ETHUSDT_15m_2026-01-01_2026-02-06.csv
2026-02-10 04:30:00.334 | INFO     | __main__:main:618 - CFG CHECK | breakout_lookback=20 breakout_min_delta_pct=0.0006
2026-02-10 04:30:00.334 | INFO     | __main__:main:619 - CFG CHECK | use_atr_exits=True sl_atr_mult=1.0 tp_atr_mult=2.0 tp_pct=0.002 sl_pct=0.002
2026-02-10 04:30:00.334 | INFO     | __main__:main:623 - CFG CHECK | adx_period=14 adx_min=15.0 adx_rising=False
2026-02-10 04:30:02.848 | INFO     | __main__:backtest_csv:268 - PARTIAL@CLOSE | bar=5 ts=None close=2986.07000000 entry=2979.63000000 atr=8.135368856726364014993752607 be_trigger=2984.511221314035818408996252 qty_part=0.00100000 qty_left=0.00230000 be_stop=2986.408762110897861626724600
2026-02-10 04:30:02.852 | INFO     | __main__:backtest_csv:268 - PARTIAL@CLOSE | bar=136 ts=None close=3048.15000000 entry=3041.22000000 atr=8.789971479738948640977247086 be_trigger=3046.493982887843369184586348 qty_part=0.00100000 qty_left=0.00220000 be_stop=3048.187525676502423392626254
2026-02-10 04:30:02.856 | INFO     | __main__:backtest_csv:268 - PARTIAL@CLOSE | bar=286 ts=None close=3130.43000000 entry=3122.31000000 atr=5.540371755287152968483153796 be_trigger=3125.634223053172291781089892 qty_part=0.00100000 qty_left=0.00210000 be_stop=3129.114908046399586167719186
2026-02-10 04:30:02.860 | INFO     | __main__:backtest_csv:268 - PARTIAL@CLOSE | bar=425 ts=None close=3176.68000000 entry=3167.26000000 atr=9.64071777942550685496250965 be_trigger=3173.044430667655304112977506 qty_part=0.00100000 qty_left=0.00210000 be_stop=3174.564932638803411546357112
2026-02-10 04:30:02.876 | INFO     | __main__:backtest_csv:268 - PARTIAL@CLOSE | bar=1068 ts=None close=3157.65000000 entry=3145.79000000 atr=12.71429111312806602466723858 be_trigger=3153.418574667876839614800343 qty_part=0.00100000 qty_left=0.00210000 be_stop=3153.359306989190684480344602
2026-02-10 04:30:02.877 | INFO     | __main__:backtest_csv:268 - PARTIAL@CLOSE | bar=1122 ts=None close=3143.22000000 entry=3127.52000000 atr=14.79729085200794889401201603 be_trigger=3136.398374511204769336407210 qty_part=0.00100000 qty_left=0.00210000 be_stop=3135.261030386502096190702503
2026-02-10 04:30:02.880 | INFO     | __main__:backtest_csv:268 - PARTIAL@CLOSE | bar=1245 ts=None close=3336.46000000 entry=3321.26000000 atr=23.25093570369979369002716549 be_trigger=3335.210561422219876214016299 qty_part=0.00090000 qty_left=0.00210000 be_stop=3330.234262739539148538171886
2026-02-10 04:30:02.883 | INFO     | __main__:backtest_csv:268 - PARTIAL@CLOSE | bar=1380 ts=None close=3336.45000000 entry=3326.18000000 atr=10.03475967539551611858080956 be_trigger=3332.200855805237309671148486 qty_part=0.00090000 qty_left=0.00210000 be_stop=3333.842494986558570630877100
2026-02-10 04:30:02.884 | INFO     | __main__:backtest_csv:268 - PARTIAL@CLOSE | bar=1443 ts=None close=3325.37000000 entry=3318.69000000 atr=11.13149319689453693762507156 be_trigger=3325.368895918136722162575043 qty_part=0.00090000 qty_left=0.00210000 be_stop=3326.447173343713477717786531
2026-02-10 04:30:02.889 | INFO     | __main__:backtest_csv:268 - PARTIAL@CLOSE | bar=1702 ts=None close=3336.75000000 entry=3332.82000000 atr=6.191773423032322016177207259 be_trigger=3336.535064053819393209706324 qty_part=0.00090000 qty_left=0.00200000 be_stop=3340.111489654615544513930033
2026-02-10 04:30:02.906 | INFO     | __main__:backtest_csv:268 - PARTIAL@CLOSE | bar=2508 ts=None close=2945.25000000 entry=2936.44000000 atr=11.03195601727463318852647806 be_trigger=2943.059173610364779913115887 qty_part=0.00110000 qty_left=0.00230000 be_stop=2943.421954360486222077611407
2026-02-10 04:30:02.907 | INFO     | __main__:backtest_csv:268 - PARTIAL@CLOSE | bar=2578 ts=None close=3015.89000000 entry=2994.29000000 atr=18.75357597477594429969201949 be_trigger=3005.542145584865566579815212 qty_part=0.00100000 qty_left=0.00230000 be_stop=3002.159932172052169004543777
2026-02-10 04:30:02.908 | INFO     | __main__:backtest_csv:268 - PARTIAL@CLOSE | bar=2633 ts=None close=3030.70000000 entry=3017.44000000 atr=9.432263453163131705762426371 be_trigger=3023.099358071897879023457456 qty_part=0.00100000 qty_left=0.00230000 be_stop=3024.424147266237234091497164
2026-02-10 04:30:02.926 | INFO     | __main__:backtest_csv:481 - DIAG | bars=3553 trend_ok=1468 bounce_up=1389 breakout_ok=514 atr_ok=3204 adx_ok=3043 price_above_slow=1681 slow_rising=1680 trend&slow_rising=1032 trend&above_slow=1032 entry_ok=108 in_pos_bars=237 avg_trade_bars=3.89
2026-02-10 04:30:02.926 | INFO     | __main__:backtest_csv:490 - DIAG2 | sig_buy=61 sig_sell=61 buy_skips={'min_notional': 0, 'qty_lt_min': 0}
2026-02-10 04:30:02.926 | INFO     | __main__:backtest_csv:504 - DIAG3 | be: n=13 pnl=0.032391308716375594046035278 avg_pnl=0.002491639132028891849695021385 avg_bars=5.46 | signal: n=1 pnl=-0.0352864050000000000 avg_pnl=-0.0352864050000000000 avg_bars=5.00 | sl: n=35 pnl=-1.685368307460463548571587636 avg_pnl=-0.04815338021315610138775964674 avg_bars=3.49 | tp: n=12 pnl=0.482554443452226727011434072 avg_pnl=0.04021287028768556058428617267 avg_bars=3.25
2026-02-10 04:30:02.927 | INFO     | __main__:main:640 - BACKTEST | symbol=ETHUSDT interval=15m start=2026-01-01 end=2026-02-06 | EMA20/50/200 tol=0.001 bounce_min=0.0 brk_lb=20 brk_min=0.0006 tp=0.002 sl=0.002 atr_p=14 atr_min=0.0015 spend=10 taker_fee=0.001 maker_fee=0.0006 tp_as_maker=True close_on_end=True
2026-02-10 04:30:02.927 | INFO     | __main__:main:653 - RESULT | trades=61 wins=25 losses=36 winrate=40.98% pnl_total=-1.205708960291861227514118286 max_dd=1.229739384106841033473754145 pf=0.2992731478544301603052995445 avg_win=0.020597830086744092842298774 avg_loss=0.04779596423501287634921076767 expectancy=-0.01976572066052231520514948010 avg_trade_bars=3.89 open_position=False
2026-02-10 04:30:02.927 | INFO     | __main__:main:670 - REASONS | {'be': 13, 'sl': 35, 'tp': 12, 'signal': 1}
