python-dotenv could not parse statement starting at line 4
2026-02-10 03:21:53.341 | INFO     | __main__:main:590 - Saved candles to data/ETHUSDT_15m_2026-01-01_2026-02-06.csv
2026-02-10 03:21:53.342 | INFO     | __main__:main:618 - CFG CHECK | breakout_lookback=20 breakout_min_delta_pct=0.0006
2026-02-10 03:21:53.342 | INFO     | __main__:main:619 - CFG CHECK | use_atr_exits=True sl_atr_mult=1.0 tp_atr_mult=2.0 tp_pct=0.002 sl_pct=0.002
2026-02-10 03:21:53.342 | INFO     | __main__:main:623 - CFG CHECK | adx_period=14 adx_min=15.0 adx_rising=False
2026-02-10 03:21:56.030 | INFO     | __main__:backtest_csv:268 - PARTIAL@CLOSE | bar=5 ts=None close=2986.07000000 entry=2979.63000000 atr=8.135368856726364014993752607 be_trigger=2984.511221314035818408996252 qty_part=0.00080000 qty_left=0.00250000 be_stop=2987.222298996570498028223976
2026-02-10 03:21:56.034 | INFO     | __main__:backtest_csv:268 - PARTIAL@CLOSE | bar=136 ts=None close=3048.15000000 entry=3041.22000000 atr=8.789971479738948640977247086 be_trigger=3046.493982887843369184586348 qty_part=0.00080000 qty_left=0.00240000 be_stop=3049.066522824476318256723978
2026-02-10 03:21:56.038 | INFO     | __main__:backtest_csv:268 - PARTIAL@CLOSE | bar=286 ts=None close=3130.43000000 entry=3122.31000000 atr=5.540371755287152968483153796 be_trigger=3125.634223053172291781089892 qty_part=0.00070000 qty_left=0.00240000 be_stop=3129.668945221928301464567502
2026-02-10 03:21:56.042 | INFO     | __main__:backtest_csv:268 - PARTIAL@CLOSE | bar=425 ts=None close=3176.68000000 entry=3167.26000000 atr=9.64071777942550685496250965 be_trigger=3173.044430667655304112977506 qty_part=0.00070000 qty_left=0.00240000 be_stop=3175.529004416745962231853363
2026-02-10 03:21:56.057 | INFO     | __main__:backtest_csv:268 - PARTIAL@CLOSE | bar=1068 ts=None close=3157.65000000 entry=3145.79000000 atr=12.71429111312806602466723858 be_trigger=3153.418574667876839614800343 qty_part=0.00070000 qty_left=0.00240000 be_stop=3154.630736100503491082811326
2026-02-10 03:21:56.058 | INFO     | __main__:backtest_csv:268 - PARTIAL@CLOSE | bar=1122 ts=None close=3143.22000000 entry=3127.52000000 atr=14.78762531397243249076695448 be_trigger=3136.392575188383459494460173 qty_part=0.00070000 qty_left=0.00240000 be_stop=3136.738826364095787799454692
2026-02-10 03:21:56.061 | INFO     | __main__:backtest_csv:268 - PARTIAL@CLOSE | bar=1245 ts=None close=3336.46000000 entry=3321.26000000 atr=23.25093416400941348291132797 be_trigger=3335.210560498405648089746797 qty_part=0.00070000 qty_left=0.00230000 be_stop=3332.559356001971051865751435
2026-02-10 03:21:56.064 | INFO     | __main__:backtest_csv:268 - PARTIAL@CLOSE | bar=1380 ts=None close=3336.45000000 entry=3326.18000000 atr=10.03475967530860903196185223 be_trigger=3332.200855805185165419177111 qty_part=0.00070000 qty_left=0.00230000 be_stop=3334.845970954080740825411389
2026-02-10 03:21:56.066 | INFO     | __main__:backtest_csv:268 - PARTIAL@CLOSE | bar=1443 ts=None close=3325.37000000 entry=3318.69000000 atr=11.13149319689351840677203596 be_trigger=3325.368895918136111044063222 qty_part=0.00070000 qty_left=0.00230000 be_stop=3327.560322663402727705378431
2026-02-10 03:21:56.071 | INFO     | __main__:backtest_csv:268 - PARTIAL@CLOSE | bar=1702 ts=None close=3336.75000000 entry=3332.82000000 atr=6.191773423032322016169874803 be_trigger=3336.535064053819393209701925 qty_part=0.00070000 qty_left=0.00220000 be_stop=3340.730666996918776715546287
2026-02-10 03:21:56.087 | INFO     | __main__:backtest_csv:268 - PARTIAL@CLOSE | bar=2508 ts=None close=2945.25000000 entry=2936.44000000 atr=11.03195601727463318852647806 be_trigger=2943.059173610364779913115887 qty_part=0.00080000 qty_left=0.00260000 be_stop=2944.525149962213685396464055
2026-02-10 03:21:56.089 | INFO     | __main__:backtest_csv:268 - PARTIAL@CLOSE | bar=2578 ts=None close=3015.89000000 entry=2994.29000000 atr=18.75357597477594429969201949 be_trigger=3005.542145584865566579815212 qty_part=0.00080000 qty_left=0.00250000 be_stop=3004.035289769529763434512979
2026-02-10 03:21:56.090 | INFO     | __main__:backtest_csv:268 - PARTIAL@CLOSE | bar=2633 ts=None close=3030.70000000 entry=3017.44000000 atr=9.432263453163131705762426371 be_trigger=3023.099358071897879023457456 qty_part=0.00080000 qty_left=0.00250000 be_stop=3025.367373611553547262073406
2026-02-10 03:21:56.108 | INFO     | __main__:backtest_csv:481 - DIAG | bars=3553 trend_ok=1468 bounce_up=1389 breakout_ok=515 atr_ok=3204 adx_ok=3043 price_above_slow=1681 slow_rising=1680 trend&slow_rising=1032 trend&above_slow=1032 entry_ok=108 in_pos_bars=234 avg_trade_bars=3.84
2026-02-10 03:21:56.108 | INFO     | __main__:backtest_csv:490 - DIAG2 | sig_buy=61 sig_sell=61 buy_skips={'min_notional': 0, 'qty_lt_min': 0}
2026-02-10 03:21:56.108 | INFO     | __main__:backtest_csv:504 - DIAG3 | be: n=13 pnl=0.071688776249266019058531164 avg_pnl=0.005514521249943539927579320308 avg_bars=5.23 | signal: n=1 pnl=-0.0352864050000000000 avg_pnl=-0.0352864050000000000 avg_bars=5.00 | sl: n=35 pnl=-1.685367988253314875896651124 avg_pnl=-0.04815337109295185359704717497 avg_bars=3.49 | tp: n=12 pnl=0.482554361620308559111477702 avg_pnl=0.04021286346835904659262314183 avg_bars=3.25
2026-02-10 03:21:56.108 | INFO     | __main__:main:640 - BACKTEST | symbol=ETHUSDT interval=15m start=2026-01-01 end=2026-02-06 | EMA20/50/200 tol=0.001 bounce_min=0.0 brk_lb=20 brk_min=0.0006 tp=0.002 sl=0.002 atr_p=14 atr_min=0.0015 spend=10 taker_fee=0.001 maker_fee=0.0006 tp_as_maker=True close_on_end=True
2026-02-10 03:21:56.108 | INFO     | __main__:main:653 - RESULT | trades=61 wins=25 losses=36 winrate=40.98% pnl_total=-1.166411255383740297726642258 max_dd=1.200238598709342912822993611 pf=0.3221118314303916460964605803 avg_win=0.02216972551478298312680035464 avg_loss=0.04779595536814763544157364233 expectancy=-0.01912149598989738192994495505 avg_trade_bars=3.84 open_position=False
2026-02-10 03:21:56.108 | INFO     | __main__:main:670 - REASONS | {'be': 13, 'sl': 35, 'tp': 12, 'signal': 1}
