python-dotenv could not parse statement starting at line 4
2026-02-10 03:32:04.882 | INFO     | __main__:main:590 - Saved candles to data/ETHUSDT_15m_2026-01-01_2026-02-06.csv
2026-02-10 03:32:04.882 | INFO     | __main__:main:618 - CFG CHECK | breakout_lookback=20 breakout_min_delta_pct=0.0006
2026-02-10 03:32:04.882 | INFO     | __main__:main:619 - CFG CHECK | use_atr_exits=True sl_atr_mult=1.0 tp_atr_mult=2.0 tp_pct=0.002 sl_pct=0.002
2026-02-10 03:32:04.882 | INFO     | __main__:main:623 - CFG CHECK | adx_period=14 adx_min=15.0 adx_rising=False
2026-02-10 03:32:08.210 | INFO     | __main__:backtest_csv:268 - PARTIAL@CLOSE | bar=5 ts=None close=2986.07000000 entry=2979.63000000 atr=8.135368856726364014993752607 be_trigger=2984.511221314035818408996252 qty_part=0.00080000 qty_left=0.00250000 be_stop=2988.035835882243134429723351
2026-02-10 03:32:08.214 | INFO     | __main__:backtest_csv:268 - PARTIAL@CLOSE | bar=136 ts=None close=3048.15000000 entry=3041.22000000 atr=8.789971479738948640977247086 be_trigger=3046.493982887843369184586348 qty_part=0.00080000 qty_left=0.00240000 be_stop=3049.945519972450213120821703
2026-02-10 03:32:08.218 | INFO     | __main__:backtest_csv:268 - PARTIAL@CLOSE | bar=286 ts=None close=3130.43000000 entry=3122.31000000 atr=5.540371755287152968483153796 be_trigger=3125.634223053172291781089892 qty_part=0.00070000 qty_left=0.00240000 be_stop=3130.222982397457016761415817
2026-02-10 03:32:08.221 | INFO     | __main__:backtest_csv:268 - PARTIAL@CLOSE | bar=425 ts=None close=3176.68000000 entry=3167.26000000 atr=9.64071777942550685496250965 be_trigger=3173.044430667655304112977506 qty_part=0.00070000 qty_left=0.00240000 be_stop=3176.493076194688512917349614
2026-02-10 03:32:08.237 | INFO     | __main__:backtest_csv:268 - PARTIAL@CLOSE | bar=1068 ts=None close=3157.65000000 entry=3145.79000000 atr=12.71429111312806602466723858 be_trigger=3153.418574667876839614800343 qty_part=0.00070000 qty_left=0.00240000 be_stop=3155.902165211816297685278050
2026-02-10 03:32:08.238 | INFO     | __main__:backtest_csv:268 - PARTIAL@CLOSE | bar=1122 ts=None close=3143.22000000 entry=3127.52000000 atr=14.78762531397243249076695448 be_trigger=3136.392575188383459494460173 qty_part=0.00070000 qty_left=0.00240000 be_stop=3138.217588895493031048531387
2026-02-10 03:32:08.241 | INFO     | __main__:backtest_csv:268 - PARTIAL@CLOSE | bar=1245 ts=None close=3336.46000000 entry=3321.26000000 atr=23.25093416400941348291132797 be_trigger=3335.210560498405648089746797 qty_part=0.00070000 qty_left=0.00230000 be_stop=3334.884449418371993214042567
2026-02-10 03:32:08.244 | INFO     | __main__:backtest_csv:268 - PARTIAL@CLOSE | bar=1380 ts=None close=3336.45000000 entry=3326.18000000 atr=10.03475967530860903196185223 be_trigger=3332.200855805185165419177111 qty_part=0.00070000 qty_left=0.00230000 be_stop=3335.849446921611601728607575
2026-02-10 03:32:08.245 | INFO     | __main__:backtest_csv:268 - PARTIAL@CLOSE | bar=1443 ts=None close=3325.37000000 entry=3318.69000000 atr=11.13149319689351840677203596 be_trigger=3325.368895918136111044063222 qty_part=0.00070000 qty_left=0.00230000 be_stop=3328.673471983092079546055635
2026-02-10 03:32:08.251 | INFO     | __main__:backtest_csv:268 - PARTIAL@CLOSE | bar=1702 ts=None close=3336.75000000 entry=3332.82000000 atr=6.191773423032322016169874803 be_trigger=3336.535064053819393209701925 qty_part=0.00070000 qty_left=0.00220000 be_stop=3341.349844339222008917163274
2026-02-10 03:32:08.267 | INFO     | __main__:backtest_csv:268 - PARTIAL@CLOSE | bar=2508 ts=None close=2945.25000000 entry=2936.44000000 atr=11.03195601727463318852647806 be_trigger=2943.059173610364779913115887 qty_part=0.00080000 qty_left=0.00260000 be_stop=2945.628345563941148715316702
2026-02-10 03:32:08.268 | INFO     | __main__:backtest_csv:268 - PARTIAL@CLOSE | bar=2578 ts=None close=3015.89000000 entry=2994.29000000 atr=18.75357597477594429969201949 be_trigger=3005.542145584865566579815212 qty_part=0.00080000 qty_left=0.00250000 be_stop=3005.910647367007357864482181
2026-02-10 03:32:08.269 | INFO     | __main__:backtest_csv:268 - PARTIAL@CLOSE | bar=2633 ts=None close=3030.70000000 entry=3017.44000000 atr=9.432263453163131705762426371 be_trigger=3023.099358071897879023457456 qty_part=0.00080000 qty_left=0.00250000 be_stop=3026.310599956869860432649649
2026-02-10 03:32:08.287 | INFO     | __main__:backtest_csv:481 - DIAG | bars=3553 trend_ok=1468 bounce_up=1389 breakout_ok=515 atr_ok=3204 adx_ok=3043 price_above_slow=1681 slow_rising=1680 trend&slow_rising=1032 trend&above_slow=1032 entry_ok=108 in_pos_bars=234 avg_trade_bars=3.84
2026-02-10 03:32:08.287 | INFO     | __main__:backtest_csv:490 - DIAG2 | sig_buy=61 sig_sell=61 buy_skips={'min_notional': 0, 'qty_lt_min': 0}
2026-02-10 03:32:08.287 | INFO     | __main__:backtest_csv:504 - DIAG3 | be: n=13 pnl=0.107533164373899028587796744 avg_pnl=0.008271781874915309891368980308 avg_bars=5.23 | signal: n=1 pnl=-0.0352864050000000000 avg_pnl=-0.0352864050000000000 avg_bars=5.00 | sl: n=35 pnl=-1.685367988253314875896651124 avg_pnl=-0.04815337109295185359704717497 avg_bars=3.49 | tp: n=12 pnl=0.482554361620308559111477702 avg_pnl=0.04021286346835904659262314183 avg_bars=3.25
2026-02-10 03:32:08.288 | INFO     | __main__:main:640 - BACKTEST | symbol=ETHUSDT interval=15m start=2026-01-01 end=2026-02-06 | EMA20/50/200 tol=0.001 bounce_min=0.0 brk_lb=20 brk_min=0.0006 tp=0.002 sl=0.002 atr_p=14 atr_min=0.0015 spend=10 taker_fee=0.001 maker_fee=0.0006 tp_as_maker=True close_on_end=True
2026-02-10 03:32:08.288 | INFO     | __main__:main:653 - RESULT | trades=61 wins=25 losses=36 winrate=40.98% pnl_total=-1.130566867259107288197376678 max_dd=1.173465432353805096938834969 pf=0.3429436662632196908820285150 avg_win=0.02360350103976830350797097784 avg_loss=0.04779595536814763544157364233 expectancy=-0.01853388306982143095405535538 avg_trade_bars=3.84 open_position=False
2026-02-10 03:32:08.288 | INFO     | __main__:main:670 - REASONS | {'be': 13, 'sl': 35, 'tp': 12, 'signal': 1}
